<?xml version="1.0" encoding="UTF-8"?>
<testsuite xmlns:xsi="http://www.w3.org/2001/XMLSchema-instance" xsi:noNamespaceSchemaLocation="https://maven.apache.org/surefire/maven-surefire-plugin/xsd/surefire-test-report-3.0.xsd" version="3.0" name="org.rkoubsky.pact.example.springboot.consumer.ClientPactTest" time="2.167" tests="2" errors="0" skipped="0" failures="0">
  <properties>
    <property name="awt.toolkit" value="sun.awt.X11.XToolkit"/>
    <property name="java.specification.version" value="11"/>
    <property name="sun.cpu.isalist" value=""/>
    <property name="sun.jnu.encoding" value="UTF-8"/>
    <property name="java.class.path" value="/home/rkoubsky/RadekKoubsky-Github/pact-spring-boot-example/consumer/target/test-classes:/home/rkoubsky/RadekKoubsky-Github/pact-spring-boot-example/consumer/target/classes:/home/rkoubsky/.m2/repository/org/springframework/boot/spring-boot-starter-webflux/2.2.3.RELEASE/spring-boot-starter-webflux-2.2.3.RELEASE.jar:/home/rkoubsky/.m2/repository/org/springframework/boot/spring-boot-starter/2.2.3.RELEASE/spring-boot-starter-2.2.3.RELEASE.jar:/home/rkoubsky/.m2/repository/org/springframework/boot/spring-boot/2.2.3.RELEASE/spring-boot-2.2.3.RELEASE.jar:/home/rkoubsky/.m2/repository/org/springframework/spring-context/5.2.3.RELEASE/spring-context-5.2.3.RELEASE.jar:/home/rkoubsky/.m2/repository/org/springframework/spring-aop/5.2.3.RELEASE/spring-aop-5.2.3.RELEASE.jar:/home/rkoubsky/.m2/repository/org/springframework/spring-expression/5.2.3.RELEASE/spring-expression-5.2.3.RELEASE.jar:/home/rkoubsky/.m2/repository/org/springframework/boot/spring-boot-autoconfigure/2.2.3.RELEASE/spring-boot-autoconfigure-2.2.3.RELEASE.jar:/home/rkoubsky/.m2/repository/org/springframework/boot/spring-boot-starter-logging/2.2.3.RELEASE/spring-boot-starter-logging-2.2.3.RELEASE.jar:/home/rkoubsky/.m2/repository/ch/qos/logback/logback-classic/1.2.3/logback-classic-1.2.3.jar:/home/rkoubsky/.m2/repository/ch/qos/logback/logback-core/1.2.3/logback-core-1.2.3.jar:/home/rkoubsky/.m2/repository/org/apache/logging/log4j/log4j-to-slf4j/2.12.1/log4j-to-slf4j-2.12.1.jar:/home/rkoubsky/.m2/repository/org/apache/logging/log4j/log4j-api/2.12.1/log4j-api-2.12.1.jar:/home/rkoubsky/.m2/repository/org/slf4j/jul-to-slf4j/1.7.30/jul-to-slf4j-1.7.30.jar:/home/rkoubsky/.m2/repository/jakarta/annotation/jakarta.annotation-api/1.3.5/jakarta.annotation-api-1.3.5.jar:/home/rkoubsky/.m2/repository/org/springframework/spring-core/5.2.3.RELEASE/spring-core-5.2.3.RELEASE.jar:/home/rkoubsky/.m2/repository/org/springframework/spring-jcl/5.2.3.RELEASE/spring-jcl-5.2.3.RELEASE.jar:/home/rkoubsky/.m2/repository/org/yaml/snakeyaml/1.25/snakeyaml-1.25.jar:/home/rkoubsky/.m2/repository/org/springframework/boot/spring-boot-starter-json/2.2.3.RELEASE/spring-boot-starter-json-2.2.3.RELEASE.jar:/home/rkoubsky/.m2/repository/com/fasterxml/jackson/datatype/jackson-datatype-jdk8/2.10.2/jackson-datatype-jdk8-2.10.2.jar:/home/rkoubsky/.m2/repository/com/fasterxml/jackson/datatype/jackson-datatype-jsr310/2.10.2/jackson-datatype-jsr310-2.10.2.jar:/home/rkoubsky/.m2/repository/com/fasterxml/jackson/module/jackson-module-parameter-names/2.10.2/jackson-module-parameter-names-2.10.2.jar:/home/rkoubsky/.m2/repository/org/springframework/boot/spring-boot-starter-reactor-netty/2.2.3.RELEASE/spring-boot-starter-reactor-netty-2.2.3.RELEASE.jar:/home/rkoubsky/.m2/repository/io/projectreactor/netty/reactor-netty/0.9.3.RELEASE/reactor-netty-0.9.3.RELEASE.jar:/home/rkoubsky/.m2/repository/io/netty/netty-codec-http/4.1.44.Final/netty-codec-http-4.1.44.Final.jar:/home/rkoubsky/.m2/repository/io/netty/netty-codec-http2/4.1.44.Final/netty-codec-http2-4.1.44.Final.jar:/home/rkoubsky/.m2/repository/io/netty/netty-handler-proxy/4.1.44.Final/netty-handler-proxy-4.1.44.Final.jar:/home/rkoubsky/.m2/repository/io/netty/netty-codec-socks/4.1.44.Final/netty-codec-socks-4.1.44.Final.jar:/home/rkoubsky/.m2/repository/io/netty/netty-transport-native-epoll/4.1.44.Final/netty-transport-native-epoll-4.1.44.Final-linux-x86_64.jar:/home/rkoubsky/.m2/repository/io/netty/netty-transport-native-unix-common/4.1.44.Final/netty-transport-native-unix-common-4.1.44.Final.jar:/home/rkoubsky/.m2/repository/org/glassfish/jakarta.el/3.0.3/jakarta.el-3.0.3.jar:/home/rkoubsky/.m2/repository/org/springframework/boot/spring-boot-starter-validation/2.2.3.RELEASE/spring-boot-starter-validation-2.2.3.RELEASE.jar:/home/rkoubsky/.m2/repository/jakarta/validation/jakarta.validation-api/2.0.2/jakarta.validation-api-2.0.2.jar:/home/rkoubsky/.m2/repository/org/hibernate/validator/hibernate-validator/6.0.18.Final/hibernate-validator-6.0.18.Final.jar:/home/rkoubsky/.m2/repository/org/jboss/logging/jboss-logging/3.3.2.Final/jboss-logging-3.3.2.Final.jar:/home/rkoubsky/.m2/repository/com/fasterxml/classmate/1.3.4/classmate-1.3.4.jar:/home/rkoubsky/.m2/repository/org/springframework/spring-web/5.2.3.RELEASE/spring-web-5.2.3.RELEASE.jar:/home/rkoubsky/.m2/repository/org/springframework/spring-beans/5.2.3.RELEASE/spring-beans-5.2.3.RELEASE.jar:/home/rkoubsky/.m2/repository/org/springframework/spring-webflux/5.2.3.RELEASE/spring-webflux-5.2.3.RELEASE.jar:/home/rkoubsky/.m2/repository/io/projectreactor/reactor-core/3.3.2.RELEASE/reactor-core-3.3.2.RELEASE.jar:/home/rkoubsky/.m2/repository/org/reactivestreams/reactive-streams/1.0.3/reactive-streams-1.0.3.jar:/home/rkoubsky/.m2/repository/org/synchronoss/cloud/nio-multipart-parser/1.1.0/nio-multipart-parser-1.1.0.jar:/home/rkoubsky/.m2/repository/org/synchronoss/cloud/nio-stream-storage/1.1.3/nio-stream-storage-1.1.3.jar:/home/rkoubsky/.m2/repository/org/projectlombok/lombok/1.18.20/lombok-1.18.20.jar:/home/rkoubsky/.m2/repository/au/com/dius/pact/consumer/junit5/4.2.4/junit5-4.2.4.jar:/home/rkoubsky/.m2/repository/org/junit/jupiter/junit-jupiter-api/5.5.2/junit-jupiter-api-5.5.2.jar:/home/rkoubsky/.m2/repository/org/apiguardian/apiguardian-api/1.1.0/apiguardian-api-1.1.0.jar:/home/rkoubsky/.m2/repository/org/opentest4j/opentest4j/1.2.0/opentest4j-1.2.0.jar:/home/rkoubsky/.m2/repository/org/junit/platform/junit-platform-commons/1.5.2/junit-platform-commons-1.5.2.jar:/home/rkoubsky/.m2/repository/au/com/dius/pact/consumer/4.2.4/consumer-4.2.4.jar:/home/rkoubsky/.m2/repository/au/com/dius/pact/core/model/4.2.4/model-4.2.4.jar:/home/rkoubsky/.m2/repository/au/com/dius/pact/core/support/4.2.4/support-4.2.4.jar:/home/rkoubsky/.m2/repository/org/antlr/antlr4/4.7.2/antlr4-4.7.2.jar:/home/rkoubsky/.m2/repository/org/antlr/antlr4-runtime/4.7.2/antlr4-runtime-4.7.2.jar:/home/rkoubsky/.m2/repository/org/antlr/antlr-runtime/3.5.2/antlr-runtime-3.5.2.jar:/home/rkoubsky/.m2/repository/org/antlr/ST4/4.1/ST4-4.1.jar:/home/rkoubsky/.m2/repository/org/abego/treelayout/org.abego.treelayout.core/1.0.3/org.abego.treelayout.core-1.0.3.jar:/home/rkoubsky/.m2/repository/org/glassfish/javax.json/1.0.4/javax.json-1.0.4.jar:/home/rkoubsky/.m2/repository/com/ibm/icu/icu4j/61.1/icu4j-61.1.jar:/home/rkoubsky/.m2/repository/io/github/microutils/kotlin-logging-jvm/2.0.3/kotlin-logging-jvm-2.0.3.jar:/home/rkoubsky/.m2/repository/com/michael-bull/kotlin-result/kotlin-result-jvm/1.1.9/kotlin-result-jvm-1.1.9.jar:/home/rkoubsky/.m2/repository/com/google/code/findbugs/jsr305/3.0.2/jsr305-3.0.2.jar:/home/rkoubsky/.m2/repository/au/com/dius/pact/core/pactbroker/4.2.4/pactbroker-4.2.4.jar:/home/rkoubsky/.m2/repository/com/google/guava/guava/30.1-jre/guava-30.1-jre.jar:/home/rkoubsky/.m2/repository/com/google/guava/failureaccess/1.0.1/failureaccess-1.0.1.jar:/home/rkoubsky/.m2/repository/com/google/guava/listenablefuture/9999.0-empty-to-avoid-conflict-with-guava/listenablefuture-9999.0-empty-to-avoid-conflict-with-guava.jar:/home/rkoubsky/.m2/repository/org/checkerframework/checker-qual/3.5.0/checker-qual-3.5.0.jar:/home/rkoubsky/.m2/repository/com/google/errorprone/error_prone_annotations/2.3.4/error_prone_annotations-2.3.4.jar:/home/rkoubsky/.m2/repository/com/google/j2objc/j2objc-annotations/1.3/j2objc-annotations-1.3.jar:/home/rkoubsky/.m2/repository/com/michael-bull/kotlin-result/kotlin-result/1.1.6/kotlin-result-1.1.6.jar:/home/rkoubsky/.m2/repository/org/apache/commons/commons-collections4/4.1/commons-collections4-4.1.jar:/home/rkoubsky/.m2/repository/com/github/mifmif/generex/1.0.2/generex-1.0.2.jar:/home/rkoubsky/.m2/repository/javax/mail/mail/1.5.0-b01/mail-1.5.0-b01.jar:/home/rkoubsky/.m2/repository/javax/activation/activation/1.1/activation-1.1.jar:/home/rkoubsky/.m2/repository/org/apache/tika/tika-core/1.24.1/tika-core-1.24.1.jar:/home/rkoubsky/.m2/repository/au/com/dius/pact/core/matchers/4.2.4/matchers-4.2.4.jar:/home/rkoubsky/.m2/repository/org/apache/commons/commons-lang3/3.4/commons-lang3-3.4.jar:/home/rkoubsky/.m2/repository/xerces/xercesImpl/2.12.0/xercesImpl-2.12.0.jar:/home/rkoubsky/.m2/repository/xml-apis/xml-apis/1.4.01/xml-apis-1.4.01.jar:/home/rkoubsky/.m2/repository/org/atteo/evo-inflector/1.2.2/evo-inflector-1.2.2.jar:/home/rkoubsky/.m2/repository/com/github/ajalt/mordant/1.2.1/mordant-1.2.1.jar:/home/rkoubsky/.m2/repository/com/github/ajalt/colormath/1.2.0/colormath-1.2.0.jar:/home/rkoubsky/.m2/repository/com/googlecode/java-diff-utils/diffutils/1.3.0/diffutils-1.3.0.jar:/home/rkoubsky/.m2/repository/dk/brics/automaton/automaton/1.11-8/automaton-1.11-8.jar:/home/rkoubsky/.m2/repository/org/apache/httpcomponents/httpclient/4.5.13/httpclient-4.5.13.jar:/home/rkoubsky/.m2/repository/org/apache/httpcomponents/httpcore/4.4.13/httpcore-4.4.13.jar:/home/rkoubsky/.m2/repository/commons-logging/commons-logging/1.2/commons-logging-1.2.jar:/home/rkoubsky/.m2/repository/commons-codec/commons-codec/1.11/commons-codec-1.11.jar:/home/rkoubsky/.m2/repository/org/json/json/20160212/json-20160212.jar:/home/rkoubsky/.m2/repository/io/netty/netty-handler/4.1.52.Final/netty-handler-4.1.52.Final.jar:/home/rkoubsky/.m2/repository/io/netty/netty-common/4.1.52.Final/netty-common-4.1.52.Final.jar:/home/rkoubsky/.m2/repository/io/netty/netty-resolver/4.1.52.Final/netty-resolver-4.1.52.Final.jar:/home/rkoubsky/.m2/repository/io/netty/netty-buffer/4.1.52.Final/netty-buffer-4.1.52.Final.jar:/home/rkoubsky/.m2/repository/io/netty/netty-transport/4.1.52.Final/netty-transport-4.1.52.Final.jar:/home/rkoubsky/.m2/repository/io/netty/netty-codec/4.1.52.Final/netty-codec-4.1.52.Final.jar:/home/rkoubsky/.m2/repository/org/apache/httpcomponents/httpmime/4.5.13/httpmime-4.5.13.jar:/home/rkoubsky/.m2/repository/org/apache/httpcomponents/fluent-hc/4.5.13/fluent-hc-4.5.13.jar:/home/rkoubsky/.m2/repository/io/ktor/ktor-server-netty/1.3.1/ktor-server-netty-1.3.1.jar:/home/rkoubsky/.m2/repository/org/jetbrains/kotlin/kotlin-stdlib-jdk7/1.3.61/kotlin-stdlib-jdk7-1.3.61.jar:/home/rkoubsky/.m2/repository/org/jetbrains/kotlin/kotlin-stdlib-jdk8/1.3.61/kotlin-stdlib-jdk8-1.3.61.jar:/home/rkoubsky/.m2/repository/org/jetbrains/kotlinx/atomicfu/0.14.1/atomicfu-0.14.1.jar:/home/rkoubsky/.m2/repository/org/jetbrains/kotlinx/kotlinx-coroutines-jdk8/1.3.3/kotlinx-coroutines-jdk8-1.3.3.jar:/home/rkoubsky/.m2/repository/org/jetbrains/kotlinx/kotlinx-coroutines-core/1.3.3/kotlinx-coroutines-core-1.3.3.jar:/home/rkoubsky/.m2/repository/io/ktor/ktor-server-host-common/1.3.1/ktor-server-host-common-1.3.1.jar:/home/rkoubsky/.m2/repository/io/ktor/ktor-server-core/1.3.1/ktor-server-core-1.3.1.jar:/home/rkoubsky/.m2/repository/io/ktor/ktor-utils-jvm/1.3.1/ktor-utils-jvm-1.3.1.jar:/home/rkoubsky/.m2/repository/io/ktor/ktor-io-jvm/1.3.1/ktor-io-jvm-1.3.1.jar:/home/rkoubsky/.m2/repository/io/ktor/ktor-http-jvm/1.3.1/ktor-http-jvm-1.3.1.jar:/home/rkoubsky/.m2/repository/com/typesafe/config/1.3.1/config-1.3.1.jar:/home/rkoubsky/.m2/repository/io/ktor/ktor-http-cio-jvm/1.3.1/ktor-http-cio-jvm-1.3.1.jar:/home/rkoubsky/.m2/repository/org/jetbrains/kotlinx/kotlinx-coroutines-core-common/1.3.3/kotlinx-coroutines-core-common-1.3.3.jar:/home/rkoubsky/.m2/repository/org/eclipse/jetty/alpn/alpn-api/1.1.3.v20160715/alpn-api-1.1.3.v20160715.jar:/home/rkoubsky/.m2/repository/io/netty/netty-transport-native-kqueue/4.1.44.Final/netty-transport-native-kqueue-4.1.44.Final.jar:/home/rkoubsky/.m2/repository/io/netty/netty-transport-native-epoll/4.1.44.Final/netty-transport-native-epoll-4.1.44.Final.jar:/home/rkoubsky/.m2/repository/io/ktor/ktor-network-tls-certificates/1.3.1/ktor-network-tls-certificates-1.3.1.jar:/home/rkoubsky/.m2/repository/io/ktor/ktor-network-tls/1.3.1/ktor-network-tls-1.3.1.jar:/home/rkoubsky/.m2/repository/io/ktor/ktor-network/1.3.1/ktor-network-1.3.1.jar:/home/rkoubsky/.m2/repository/org/jetbrains/kotlin/kotlin-stdlib/1.4.31/kotlin-stdlib-1.4.31.jar:/home/rkoubsky/.m2/repository/org/jetbrains/kotlin/kotlin-stdlib-common/1.4.31/kotlin-stdlib-common-1.4.31.jar:/home/rkoubsky/.m2/repository/org/jetbrains/annotations/13.0/annotations-13.0.jar:/home/rkoubsky/.m2/repository/org/jetbrains/kotlin/kotlin-reflect/1.4.31/kotlin-reflect-1.4.31.jar:/home/rkoubsky/.m2/repository/org/slf4j/slf4j-api/1.7.28/slf4j-api-1.7.28.jar:/home/rkoubsky/.m2/repository/com/fasterxml/jackson/module/jackson-module-kotlin/2.12.2/jackson-module-kotlin-2.12.2.jar:/home/rkoubsky/.m2/repository/com/fasterxml/jackson/core/jackson-databind/2.12.2/jackson-databind-2.12.2.jar:/home/rkoubsky/.m2/repository/com/fasterxml/jackson/core/jackson-core/2.12.2/jackson-core-2.12.2.jar:/home/rkoubsky/.m2/repository/com/fasterxml/jackson/core/jackson-annotations/2.12.2/jackson-annotations-2.12.2.jar:/home/rkoubsky/.m2/repository/com/remondis/cdc/pact-consumer-builder/0.1.5/pact-consumer-builder-0.1.5.jar:/home/rkoubsky/.m2/repository/cglib/cglib/3.2.9/cglib-3.2.9.jar:/home/rkoubsky/.m2/repository/org/ow2/asm/asm/7.0/asm-7.0.jar:/home/rkoubsky/.m2/repository/org/assertj/assertj-core/3.19.0/assertj-core-3.19.0.jar:"/>
    <property name="git.branch" value="master"/>
    <property name="java.vm.vendor" value="Red Hat, Inc."/>
    <property name="sun.arch.data.model" value="64"/>
    <property name="git.commit.id" value="161de121763835f2493076715be6bb857d49a6b7"/>
    <property name="java.vendor.url" value="https://www.redhat.com/"/>
    <property name="user.timezone" value="Europe/Prague"/>
    <property name="java.vm.specification.version" value="11"/>
    <property name="os.name" value="Linux"/>
    <property name="sun.java.launcher" value="SUN_STANDARD"/>
    <property name="user.country" value="US"/>
    <property name="sun.boot.library.path" value="/usr/lib/jvm/java-11-openjdk-11.0.10.0.9-0.fc33.x86_64/lib"/>
    <property name="sun.java.command" value="/home/rkoubsky/RadekKoubsky-Github/pact-spring-boot-example/consumer/target/surefire/surefirebooter9630552384914084976.jar /home/rkoubsky/RadekKoubsky-Github/pact-spring-boot-example/consumer/target/surefire 2021-04-19T17-30-01_702-jvmRun1 surefire15880902215457736922tmp surefire_012343905371305149598tmp"/>
    <property name="jdk.debug" value="release"/>
    <property name="surefire.test.class.path" value="/home/rkoubsky/RadekKoubsky-Github/pact-spring-boot-example/consumer/target/test-classes:/home/rkoubsky/RadekKoubsky-Github/pact-spring-boot-example/consumer/target/classes:/home/rkoubsky/.m2/repository/org/springframework/boot/spring-boot-starter-webflux/2.2.3.RELEASE/spring-boot-starter-webflux-2.2.3.RELEASE.jar:/home/rkoubsky/.m2/repository/org/springframework/boot/spring-boot-starter/2.2.3.RELEASE/spring-boot-starter-2.2.3.RELEASE.jar:/home/rkoubsky/.m2/repository/org/springframework/boot/spring-boot/2.2.3.RELEASE/spring-boot-2.2.3.RELEASE.jar:/home/rkoubsky/.m2/repository/org/springframework/spring-context/5.2.3.RELEASE/spring-context-5.2.3.RELEASE.jar:/home/rkoubsky/.m2/repository/org/springframework/spring-aop/5.2.3.RELEASE/spring-aop-5.2.3.RELEASE.jar:/home/rkoubsky/.m2/repository/org/springframework/spring-expression/5.2.3.RELEASE/spring-expression-5.2.3.RELEASE.jar:/home/rkoubsky/.m2/repository/org/springframework/boot/spring-boot-autoconfigure/2.2.3.RELEASE/spring-boot-autoconfigure-2.2.3.RELEASE.jar:/home/rkoubsky/.m2/repository/org/springframework/boot/spring-boot-starter-logging/2.2.3.RELEASE/spring-boot-starter-logging-2.2.3.RELEASE.jar:/home/rkoubsky/.m2/repository/ch/qos/logback/logback-classic/1.2.3/logback-classic-1.2.3.jar:/home/rkoubsky/.m2/repository/ch/qos/logback/logback-core/1.2.3/logback-core-1.2.3.jar:/home/rkoubsky/.m2/repository/org/apache/logging/log4j/log4j-to-slf4j/2.12.1/log4j-to-slf4j-2.12.1.jar:/home/rkoubsky/.m2/repository/org/apache/logging/log4j/log4j-api/2.12.1/log4j-api-2.12.1.jar:/home/rkoubsky/.m2/repository/org/slf4j/jul-to-slf4j/1.7.30/jul-to-slf4j-1.7.30.jar:/home/rkoubsky/.m2/repository/jakarta/annotation/jakarta.annotation-api/1.3.5/jakarta.annotation-api-1.3.5.jar:/home/rkoubsky/.m2/repository/org/springframework/spring-core/5.2.3.RELEASE/spring-core-5.2.3.RELEASE.jar:/home/rkoubsky/.m2/repository/org/springframework/spring-jcl/5.2.3.RELEASE/spring-jcl-5.2.3.RELEASE.jar:/home/rkoubsky/.m2/repository/org/yaml/snakeyaml/1.25/snakeyaml-1.25.jar:/home/rkoubsky/.m2/repository/org/springframework/boot/spring-boot-starter-json/2.2.3.RELEASE/spring-boot-starter-json-2.2.3.RELEASE.jar:/home/rkoubsky/.m2/repository/com/fasterxml/jackson/datatype/jackson-datatype-jdk8/2.10.2/jackson-datatype-jdk8-2.10.2.jar:/home/rkoubsky/.m2/repository/com/fasterxml/jackson/datatype/jackson-datatype-jsr310/2.10.2/jackson-datatype-jsr310-2.10.2.jar:/home/rkoubsky/.m2/repository/com/fasterxml/jackson/module/jackson-module-parameter-names/2.10.2/jackson-module-parameter-names-2.10.2.jar:/home/rkoubsky/.m2/repository/org/springframework/boot/spring-boot-starter-reactor-netty/2.2.3.RELEASE/spring-boot-starter-reactor-netty-2.2.3.RELEASE.jar:/home/rkoubsky/.m2/repository/io/projectreactor/netty/reactor-netty/0.9.3.RELEASE/reactor-netty-0.9.3.RELEASE.jar:/home/rkoubsky/.m2/repository/io/netty/netty-codec-http/4.1.44.Final/netty-codec-http-4.1.44.Final.jar:/home/rkoubsky/.m2/repository/io/netty/netty-codec-http2/4.1.44.Final/netty-codec-http2-4.1.44.Final.jar:/home/rkoubsky/.m2/repository/io/netty/netty-handler-proxy/4.1.44.Final/netty-handler-proxy-4.1.44.Final.jar:/home/rkoubsky/.m2/repository/io/netty/netty-codec-socks/4.1.44.Final/netty-codec-socks-4.1.44.Final.jar:/home/rkoubsky/.m2/repository/io/netty/netty-transport-native-epoll/4.1.44.Final/netty-transport-native-epoll-4.1.44.Final-linux-x86_64.jar:/home/rkoubsky/.m2/repository/io/netty/netty-transport-native-unix-common/4.1.44.Final/netty-transport-native-unix-common-4.1.44.Final.jar:/home/rkoubsky/.m2/repository/org/glassfish/jakarta.el/3.0.3/jakarta.el-3.0.3.jar:/home/rkoubsky/.m2/repository/org/springframework/boot/spring-boot-starter-validation/2.2.3.RELEASE/spring-boot-starter-validation-2.2.3.RELEASE.jar:/home/rkoubsky/.m2/repository/jakarta/validation/jakarta.validation-api/2.0.2/jakarta.validation-api-2.0.2.jar:/home/rkoubsky/.m2/repository/org/hibernate/validator/hibernate-validator/6.0.18.Final/hibernate-validator-6.0.18.Final.jar:/home/rkoubsky/.m2/repository/org/jboss/logging/jboss-logging/3.3.2.Final/jboss-logging-3.3.2.Final.jar:/home/rkoubsky/.m2/repository/com/fasterxml/classmate/1.3.4/classmate-1.3.4.jar:/home/rkoubsky/.m2/repository/org/springframework/spring-web/5.2.3.RELEASE/spring-web-5.2.3.RELEASE.jar:/home/rkoubsky/.m2/repository/org/springframework/spring-beans/5.2.3.RELEASE/spring-beans-5.2.3.RELEASE.jar:/home/rkoubsky/.m2/repository/org/springframework/spring-webflux/5.2.3.RELEASE/spring-webflux-5.2.3.RELEASE.jar:/home/rkoubsky/.m2/repository/io/projectreactor/reactor-core/3.3.2.RELEASE/reactor-core-3.3.2.RELEASE.jar:/home/rkoubsky/.m2/repository/org/reactivestreams/reactive-streams/1.0.3/reactive-streams-1.0.3.jar:/home/rkoubsky/.m2/repository/org/synchronoss/cloud/nio-multipart-parser/1.1.0/nio-multipart-parser-1.1.0.jar:/home/rkoubsky/.m2/repository/org/synchronoss/cloud/nio-stream-storage/1.1.3/nio-stream-storage-1.1.3.jar:/home/rkoubsky/.m2/repository/org/projectlombok/lombok/1.18.20/lombok-1.18.20.jar:/home/rkoubsky/.m2/repository/au/com/dius/pact/consumer/junit5/4.2.4/junit5-4.2.4.jar:/home/rkoubsky/.m2/repository/org/junit/jupiter/junit-jupiter-api/5.5.2/junit-jupiter-api-5.5.2.jar:/home/rkoubsky/.m2/repository/org/apiguardian/apiguardian-api/1.1.0/apiguardian-api-1.1.0.jar:/home/rkoubsky/.m2/repository/org/opentest4j/opentest4j/1.2.0/opentest4j-1.2.0.jar:/home/rkoubsky/.m2/repository/org/junit/platform/junit-platform-commons/1.5.2/junit-platform-commons-1.5.2.jar:/home/rkoubsky/.m2/repository/au/com/dius/pact/consumer/4.2.4/consumer-4.2.4.jar:/home/rkoubsky/.m2/repository/au/com/dius/pact/core/model/4.2.4/model-4.2.4.jar:/home/rkoubsky/.m2/repository/au/com/dius/pact/core/support/4.2.4/support-4.2.4.jar:/home/rkoubsky/.m2/repository/org/antlr/antlr4/4.7.2/antlr4-4.7.2.jar:/home/rkoubsky/.m2/repository/org/antlr/antlr4-runtime/4.7.2/antlr4-runtime-4.7.2.jar:/home/rkoubsky/.m2/repository/org/antlr/antlr-runtime/3.5.2/antlr-runtime-3.5.2.jar:/home/rkoubsky/.m2/repository/org/antlr/ST4/4.1/ST4-4.1.jar:/home/rkoubsky/.m2/repository/org/abego/treelayout/org.abego.treelayout.core/1.0.3/org.abego.treelayout.core-1.0.3.jar:/home/rkoubsky/.m2/repository/org/glassfish/javax.json/1.0.4/javax.json-1.0.4.jar:/home/rkoubsky/.m2/repository/com/ibm/icu/icu4j/61.1/icu4j-61.1.jar:/home/rkoubsky/.m2/repository/io/github/microutils/kotlin-logging-jvm/2.0.3/kotlin-logging-jvm-2.0.3.jar:/home/rkoubsky/.m2/repository/com/michael-bull/kotlin-result/kotlin-result-jvm/1.1.9/kotlin-result-jvm-1.1.9.jar:/home/rkoubsky/.m2/repository/com/google/code/findbugs/jsr305/3.0.2/jsr305-3.0.2.jar:/home/rkoubsky/.m2/repository/au/com/dius/pact/core/pactbroker/4.2.4/pactbroker-4.2.4.jar:/home/rkoubsky/.m2/repository/com/google/guava/guava/30.1-jre/guava-30.1-jre.jar:/home/rkoubsky/.m2/repository/com/google/guava/failureaccess/1.0.1/failureaccess-1.0.1.jar:/home/rkoubsky/.m2/repository/com/google/guava/listenablefuture/9999.0-empty-to-avoid-conflict-with-guava/listenablefuture-9999.0-empty-to-avoid-conflict-with-guava.jar:/home/rkoubsky/.m2/repository/org/checkerframework/checker-qual/3.5.0/checker-qual-3.5.0.jar:/home/rkoubsky/.m2/repository/com/google/errorprone/error_prone_annotations/2.3.4/error_prone_annotations-2.3.4.jar:/home/rkoubsky/.m2/repository/com/google/j2objc/j2objc-annotations/1.3/j2objc-annotations-1.3.jar:/home/rkoubsky/.m2/repository/com/michael-bull/kotlin-result/kotlin-result/1.1.6/kotlin-result-1.1.6.jar:/home/rkoubsky/.m2/repository/org/apache/commons/commons-collections4/4.1/commons-collections4-4.1.jar:/home/rkoubsky/.m2/repository/com/github/mifmif/generex/1.0.2/generex-1.0.2.jar:/home/rkoubsky/.m2/repository/javax/mail/mail/1.5.0-b01/mail-1.5.0-b01.jar:/home/rkoubsky/.m2/repository/javax/activation/activation/1.1/activation-1.1.jar:/home/rkoubsky/.m2/repository/org/apache/tika/tika-core/1.24.1/tika-core-1.24.1.jar:/home/rkoubsky/.m2/repository/au/com/dius/pact/core/matchers/4.2.4/matchers-4.2.4.jar:/home/rkoubsky/.m2/repository/org/apache/commons/commons-lang3/3.4/commons-lang3-3.4.jar:/home/rkoubsky/.m2/repository/xerces/xercesImpl/2.12.0/xercesImpl-2.12.0.jar:/home/rkoubsky/.m2/repository/xml-apis/xml-apis/1.4.01/xml-apis-1.4.01.jar:/home/rkoubsky/.m2/repository/org/atteo/evo-inflector/1.2.2/evo-inflector-1.2.2.jar:/home/rkoubsky/.m2/repository/com/github/ajalt/mordant/1.2.1/mordant-1.2.1.jar:/home/rkoubsky/.m2/repository/com/github/ajalt/colormath/1.2.0/colormath-1.2.0.jar:/home/rkoubsky/.m2/repository/com/googlecode/java-diff-utils/diffutils/1.3.0/diffutils-1.3.0.jar:/home/rkoubsky/.m2/repository/dk/brics/automaton/automaton/1.11-8/automaton-1.11-8.jar:/home/rkoubsky/.m2/repository/org/apache/httpcomponents/httpclient/4.5.13/httpclient-4.5.13.jar:/home/rkoubsky/.m2/repository/org/apache/httpcomponents/httpcore/4.4.13/httpcore-4.4.13.jar:/home/rkoubsky/.m2/repository/commons-logging/commons-logging/1.2/commons-logging-1.2.jar:/home/rkoubsky/.m2/repository/commons-codec/commons-codec/1.11/commons-codec-1.11.jar:/home/rkoubsky/.m2/repository/org/json/json/20160212/json-20160212.jar:/home/rkoubsky/.m2/repository/io/netty/netty-handler/4.1.52.Final/netty-handler-4.1.52.Final.jar:/home/rkoubsky/.m2/repository/io/netty/netty-common/4.1.52.Final/netty-common-4.1.52.Final.jar:/home/rkoubsky/.m2/repository/io/netty/netty-resolver/4.1.52.Final/netty-resolver-4.1.52.Final.jar:/home/rkoubsky/.m2/repository/io/netty/netty-buffer/4.1.52.Final/netty-buffer-4.1.52.Final.jar:/home/rkoubsky/.m2/repository/io/netty/netty-transport/4.1.52.Final/netty-transport-4.1.52.Final.jar:/home/rkoubsky/.m2/repository/io/netty/netty-codec/4.1.52.Final/netty-codec-4.1.52.Final.jar:/home/rkoubsky/.m2/repository/org/apache/httpcomponents/httpmime/4.5.13/httpmime-4.5.13.jar:/home/rkoubsky/.m2/repository/org/apache/httpcomponents/fluent-hc/4.5.13/fluent-hc-4.5.13.jar:/home/rkoubsky/.m2/repository/io/ktor/ktor-server-netty/1.3.1/ktor-server-netty-1.3.1.jar:/home/rkoubsky/.m2/repository/org/jetbrains/kotlin/kotlin-stdlib-jdk7/1.3.61/kotlin-stdlib-jdk7-1.3.61.jar:/home/rkoubsky/.m2/repository/org/jetbrains/kotlin/kotlin-stdlib-jdk8/1.3.61/kotlin-stdlib-jdk8-1.3.61.jar:/home/rkoubsky/.m2/repository/org/jetbrains/kotlinx/atomicfu/0.14.1/atomicfu-0.14.1.jar:/home/rkoubsky/.m2/repository/org/jetbrains/kotlinx/kotlinx-coroutines-jdk8/1.3.3/kotlinx-coroutines-jdk8-1.3.3.jar:/home/rkoubsky/.m2/repository/org/jetbrains/kotlinx/kotlinx-coroutines-core/1.3.3/kotlinx-coroutines-core-1.3.3.jar:/home/rkoubsky/.m2/repository/io/ktor/ktor-server-host-common/1.3.1/ktor-server-host-common-1.3.1.jar:/home/rkoubsky/.m2/repository/io/ktor/ktor-server-core/1.3.1/ktor-server-core-1.3.1.jar:/home/rkoubsky/.m2/repository/io/ktor/ktor-utils-jvm/1.3.1/ktor-utils-jvm-1.3.1.jar:/home/rkoubsky/.m2/repository/io/ktor/ktor-io-jvm/1.3.1/ktor-io-jvm-1.3.1.jar:/home/rkoubsky/.m2/repository/io/ktor/ktor-http-jvm/1.3.1/ktor-http-jvm-1.3.1.jar:/home/rkoubsky/.m2/repository/com/typesafe/config/1.3.1/config-1.3.1.jar:/home/rkoubsky/.m2/repository/io/ktor/ktor-http-cio-jvm/1.3.1/ktor-http-cio-jvm-1.3.1.jar:/home/rkoubsky/.m2/repository/org/jetbrains/kotlinx/kotlinx-coroutines-core-common/1.3.3/kotlinx-coroutines-core-common-1.3.3.jar:/home/rkoubsky/.m2/repository/org/eclipse/jetty/alpn/alpn-api/1.1.3.v20160715/alpn-api-1.1.3.v20160715.jar:/home/rkoubsky/.m2/repository/io/netty/netty-transport-native-kqueue/4.1.44.Final/netty-transport-native-kqueue-4.1.44.Final.jar:/home/rkoubsky/.m2/repository/io/netty/netty-transport-native-epoll/4.1.44.Final/netty-transport-native-epoll-4.1.44.Final.jar:/home/rkoubsky/.m2/repository/io/ktor/ktor-network-tls-certificates/1.3.1/ktor-network-tls-certificates-1.3.1.jar:/home/rkoubsky/.m2/repository/io/ktor/ktor-network-tls/1.3.1/ktor-network-tls-1.3.1.jar:/home/rkoubsky/.m2/repository/io/ktor/ktor-network/1.3.1/ktor-network-1.3.1.jar:/home/rkoubsky/.m2/repository/org/jetbrains/kotlin/kotlin-stdlib/1.4.31/kotlin-stdlib-1.4.31.jar:/home/rkoubsky/.m2/repository/org/jetbrains/kotlin/kotlin-stdlib-common/1.4.31/kotlin-stdlib-common-1.4.31.jar:/home/rkoubsky/.m2/repository/org/jetbrains/annotations/13.0/annotations-13.0.jar:/home/rkoubsky/.m2/repository/org/jetbrains/kotlin/kotlin-reflect/1.4.31/kotlin-reflect-1.4.31.jar:/home/rkoubsky/.m2/repository/org/slf4j/slf4j-api/1.7.28/slf4j-api-1.7.28.jar:/home/rkoubsky/.m2/repository/com/fasterxml/jackson/module/jackson-module-kotlin/2.12.2/jackson-module-kotlin-2.12.2.jar:/home/rkoubsky/.m2/repository/com/fasterxml/jackson/core/jackson-databind/2.12.2/jackson-databind-2.12.2.jar:/home/rkoubsky/.m2/repository/com/fasterxml/jackson/core/jackson-core/2.12.2/jackson-core-2.12.2.jar:/home/rkoubsky/.m2/repository/com/fasterxml/jackson/core/jackson-annotations/2.12.2/jackson-annotations-2.12.2.jar:/home/rkoubsky/.m2/repository/com/remondis/cdc/pact-consumer-builder/0.1.5/pact-consumer-builder-0.1.5.jar:/home/rkoubsky/.m2/repository/cglib/cglib/3.2.9/cglib-3.2.9.jar:/home/rkoubsky/.m2/repository/org/ow2/asm/asm/7.0/asm-7.0.jar:/home/rkoubsky/.m2/repository/org/assertj/assertj-core/3.19.0/assertj-core-3.19.0.jar:"/>
    <property name="sun.cpu.endian" value="little"/>
    <property name="user.home" value="/home/rkoubsky"/>
    <property name="user.language" value="en"/>
    <property name="java.specification.vendor" value="Oracle Corporation"/>
    <property name="java.version.date" value="2021-01-19"/>
    <property name="java.home" value="/usr/lib/jvm/java-11-openjdk-11.0.10.0.9-0.fc33.x86_64"/>
    <property name="file.separator" value="/"/>
    <property name="basedir" value="/home/rkoubsky/RadekKoubsky-Github/pact-spring-boot-example/consumer"/>
    <property name="java.vm.compressedOopsMode" value="Zero based"/>
    <property name="line.separator" value="&#10;"/>
    <property name="java.specification.name" value="Java Platform API Specification"/>
    <property name="java.vm.specification.vendor" value="Oracle Corporation"/>
    <property name="java.awt.graphicsenv" value="sun.awt.X11GraphicsEnvironment"/>
    <property name="surefire.real.class.path" value="/home/rkoubsky/RadekKoubsky-Github/pact-spring-boot-example/consumer/target/surefire/surefirebooter9630552384914084976.jar"/>
    <property name="sun.management.compiler" value="HotSpot 64-Bit Tiered Compilers"/>
    <property name="java.runtime.version" value="11.0.10+9"/>
    <property name="user.name" value="rkoubsky"/>
    <property name="path.separator" value=":"/>
    <property name="os.version" value="5.11.14-200.fc33.x86_64"/>
    <property name="java.runtime.name" value="OpenJDK Runtime Environment"/>
    <property name="file.encoding" value="UTF-8"/>
    <property name="java.vm.name" value="OpenJDK 64-Bit Server VM"/>
    <property name="java.vendor.version" value="18.9"/>
    <property name="localRepository" value="/home/rkoubsky/.m2/repository"/>
    <property name="java.vendor.url.bug" value="https://bugzilla.redhat.com/enter_bug.cgi?product=Fedora&amp;component=java-11-openjdk&amp;version=33"/>
    <property name="java.io.tmpdir" value="/tmp"/>
    <property name="java.version" value="11.0.10"/>
    <property name="user.dir" value="/home/rkoubsky/RadekKoubsky-Github/pact-spring-boot-example/consumer"/>
    <property name="os.arch" value="amd64"/>
    <property name="git.commit.id.abbrev" value="161de12"/>
    <property name="java.vm.specification.name" value="Java Virtual Machine Specification"/>
    <property name="java.awt.printerjob" value="sun.print.PSPrinterJob"/>
    <property name="sun.os.patch.level" value="unknown"/>
    <property name="git.commit.id.describe" value="161de12"/>
    <property name="java.library.path" value="/usr/java/packages/lib:/usr/lib64:/lib64:/lib:/usr/lib"/>
    <property name="java.vm.info" value="mixed mode, sharing"/>
    <property name="java.vendor" value="Red Hat, Inc."/>
    <property name="java.vm.version" value="11.0.10+9"/>
    <property name="sun.io.unicode.encoding" value="UnicodeLittle"/>
    <property name="java.class.version" value="55.0"/>
  </properties>
  <testcase name="testBookDoesNotExistForGivenIsbn(MockServer)" classname="org.rkoubsky.pact.example.springboot.consumer.ClientPactTest" time="1.829"/>
  <testcase name="testValidBook(MockServer)" classname="org.rkoubsky.pact.example.springboot.consumer.ClientPactTest" time="0.223"/>
</testsuite>